<?xml version="1.0" encoding="UTF-8"?>
<testsuite name="com.audioeq.equalizer.ParametricEqualizerTest" tests="10" skipped="0" failures="0" errors="0" timestamp="2026-02-25T14:40:20" hostname="LENOVO2024" time="0.002">
  <properties/>
  <testcase name="test reset clears filter state" classname="com.audioeq.equalizer.ParametricEqualizerTest" time="0.001"/>
  <testcase name="test set band Q" classname="com.audioeq.equalizer.ParametricEqualizerTest" time="0.0"/>
  <testcase name="test set band gain" classname="com.audioeq.equalizer.ParametricEqualizerTest" time="0.0"/>
  <testcase name="test equalizer initialization" classname="com.audioeq.equalizer.ParametricEqualizerTest" time="0.0"/>
  <testcase name="test apply preset" classname="com.audioeq.equalizer.ParametricEqualizerTest" time="0.0"/>
  <testcase name="test disabled equalizer passes signal through" classname="com.audioeq.equalizer.ParametricEqualizerTest" time="0.001"/>
  <testcase name="test invalid band index ignored" classname="com.audioeq.equalizer.ParametricEqualizerTest" time="0.0"/>
  <testcase name="test process buffer" classname="com.audioeq.equalizer.ParametricEqualizerTest" time="0.0"/>
  <testcase name="test set band frequency" classname="com.audioeq.equalizer.ParametricEqualizerTest" time="0.0"/>
  <testcase name="test all presets valid" classname="com.audioeq.equalizer.ParametricEqualizerTest" time="0.0"/>
  <system-out><![CDATA[]]></system-out>
  <system-err><![CDATA[]]></system-err>
</testsuite>
