<?xml version="1.0" encoding="UTF-8"?>
<testsuite name="com.audioeq.equalizer.FilterBandTest" tests="3" skipped="0" failures="0" errors="0" timestamp="2026-02-25T14:40:20" hostname="LENOVO2024" time="0.007">
  <properties/>
  <testcase name="test filter type values" classname="com.audioeq.equalizer.FilterBandTest" time="0.006"/>
  <testcase name="test filter band creation" classname="com.audioeq.equalizer.FilterBandTest" time="0.0"/>
  <testcase name="test filter band copy" classname="com.audioeq.equalizer.FilterBandTest" time="0.0"/>
  <system-out><![CDATA[]]></system-out>
  <system-err><![CDATA[]]></system-err>
</testsuite>
